j:\bankaiultimo\bankaisimple\debug\entity.obj
j:\bankaiultimo\bankaisimple\debug\font.obj
j:\bankaiultimo\bankaisimple\debug\frustum.obj
j:\bankaiultimo\bankaisimple\debug\hirestimer.obj
j:\bankaiultimo\bankaisimple\debug\inputsystem.obj
j:\bankaiultimo\bankaisimple\debug\joystick.obj
j:\bankaiultimo\bankaisimple\debug\keyboard.obj
j:\bankaiultimo\bankaisimple\debug\md2.obj
j:\bankaiultimo\bankaisimple\debug\mouse.obj
j:\bankaiultimo\bankaisimple\debug\nivel.obj
j:\bankaiultimo\bankaisimple\debug\object.obj
j:\bankaiultimo\bankaisimple\debug\oglwindow.obj
j:\bankaiultimo\bankaisimple\debug\q3loader.obj
j:\bankaiultimo\bankaisimple\debug\simpengine.obj
j:\bankaiultimo\bankaisimple\debug\terrain.obj
j:\bankaiultimo\bankaisimple\debug\texture.obj
j:\bankaiultimo\bankaisimple\debug\tree.obj
j:\bankaiultimo\bankaisimple\debug\vector.obj
j:\bankaiultimo\bankaisimple\debug\winmain.obj
j:\bankaiultimo\bankaisimple\debug\world.obj
j:\bankaiultimo\bankaisimple\debug\audio.obj
j:\bankaiultimo\bankaisimple\debug\audiosystem.obj
j:\bankaiultimo\bankaisimple\debug\bezier.obj
j:\bankaiultimo\bankaisimple\debug\camera.obj
j:\bankaiultimo\bankaisimple\debug\engine.obj
j:\bankaiultimo\bankaisimple\debug\vc100.pdb
j:\bankaiultimo\bankaisimple\debug\bankaisimple.ilk
j:\bankaiultimo\bankaisimple\debug\bankaisimple.exe
j:\bankaiultimo\bankaisimple\debug\bankaisimple.exe.intermediate.manifest
j:\bankaiultimo\bankaisimple\debug\bankaisimple.pdb
j:\bankaiultimo\bankaisimple\debug\bankaisimple.exe.embed.manifest.res
c:\users\alex\desktop\bankaiultimo\bankaisimple\debug\vc141.pdb
c:\users\alex\desktop\bankaiultimo\bankaisimple\debug\vc141.idb
c:\users\alex\desktop\bankaiultimo\bankaisimple\debug\entity.obj
c:\users\alex\desktop\bankaiultimo\bankaisimple\debug\font.obj
c:\users\alex\desktop\bankaiultimo\bankaisimple\debug\frustum.obj
c:\users\alex\desktop\bankaiultimo\bankaisimple\debug\hirestimer.obj
c:\users\alex\desktop\bankaiultimo\bankaisimple\debug\inputsystem.obj
c:\users\alex\desktop\bankaiultimo\bankaisimple\debug\joystick.obj
c:\users\alex\desktop\bankaiultimo\bankaisimple\debug\keyboard.obj
c:\users\alex\desktop\bankaiultimo\bankaisimple\debug\md2.obj
c:\users\alex\desktop\bankaiultimo\bankaisimple\debug\mouse.obj
c:\users\alex\desktop\bankaiultimo\bankaisimple\debug\nivel.obj
c:\users\alex\desktop\bankaiultimo\bankaisimple\debug\object.obj
c:\users\alex\desktop\bankaiultimo\bankaisimple\debug\oglwindow.obj
c:\users\alex\desktop\bankaiultimo\bankaisimple\debug\q3loader.obj
c:\users\alex\desktop\bankaiultimo\bankaisimple\debug\simpengine.obj
c:\users\alex\desktop\bankaiultimo\bankaisimple\debug\terrain.obj
c:\users\alex\desktop\bankaiultimo\bankaisimple\debug\texture.obj
c:\users\alex\desktop\bankaiultimo\bankaisimple\debug\tree.obj
c:\users\alex\desktop\bankaiultimo\bankaisimple\debug\vector.obj
c:\users\alex\desktop\bankaiultimo\bankaisimple\debug\winmain.obj
c:\users\alex\desktop\bankaiultimo\bankaisimple\debug\world.obj
c:\users\alex\desktop\bankaiultimo\bankaisimple\debug\audio.obj
c:\users\alex\desktop\bankaiultimo\bankaisimple\debug\audiosystem.obj
c:\users\alex\desktop\bankaiultimo\bankaisimple\debug\bezier.obj
c:\users\alex\desktop\bankaiultimo\bankaisimple\debug\camera.obj
c:\users\alex\desktop\bankaiultimo\bankaisimple\debug\engine.obj
c:\users\alex\desktop\bankaiultimo\bankaisimple\debug\cl.command.1.tlog
c:\users\alex\desktop\bankaiultimo\bankaisimple\debug\cl.read.1.tlog
c:\users\alex\desktop\bankaiultimo\bankaisimple\debug\cl.write.1.tlog
c:\users\alex\desktop\bankaiultimo\bankaisimple\debug\link-cvtres.read.1.tlog
c:\users\alex\desktop\bankaiultimo\bankaisimple\debug\link-cvtres.write.1.tlog
c:\users\alex\desktop\bankaiultimo\bankaisimple\debug\link.command.1.tlog
c:\users\alex\desktop\bankaiultimo\bankaisimple\debug\link.read.1.tlog
c:\users\alex\desktop\bankaiultimo\bankaisimple\debug\link.write.1.tlog
c:\users\alex\desktop\bankaiultimo\bankaisimple\debug\mt.command.1.tlog
c:\users\alex\desktop\bankaiultimo\bankaisimple\debug\mt.read.1.tlog
c:\users\alex\desktop\bankaiultimo\bankaisimple\debug\mt.write.1.tlog
c:\users\alex\desktop\bankaiultimo\bankaisimple\debug\rc.command.1.tlog
c:\users\alex\desktop\bankaiultimo\bankaisimple\debug\rc.read.1.tlog
c:\users\alex\desktop\bankaiultimo\bankaisimple\debug\rc.write.1.tlog
c:\users\alex\desktop\bankaiultimo\bankaisimple\debug\bankaisimple.exe.embed.manifest
c:\users\alex\desktop\bankaiultimo\bankaisimple\debug\bankaisimple.exe.intermediate.manifest
c:\users\alex\desktop\bankaiultimo\bankaisimple\debug\bankaisimple.exe.embed.manifest.res
c:\users\alex\desktop\bankaiultimo\bankaisimple\debug\vc100.idb
c:\users\alex\desktop\bankaiultimo\bankaisimple\debug\vc90.idb
c:\users\alex\desktop\bankaiultimo\bankaisimple\debug\bankaisimple.pdb
c:\users\alex\desktop\bankaiultimo\bankaisimple\debug\vc100.pdb
c:\users\alex\desktop\bankaiultimo\bankaisimple\debug\vc90.pdb
c:\users\alex\desktop\bankaiultimo\bankaisimple\debug\bankaisimple_manifest.rc
c:\users\alex\desktop\bankaiultimo\bankaisimple\.\debug\bankaisimple.exe.intermediate.manifest
c:\users\alex\desktop\bankaiultimo\bankaisimple\debug\bankaisimple.tlog\cl.command.1.tlog
c:\users\alex\desktop\bankaiultimo\bankaisimple\debug\bankaisimple.tlog\cl.read.1.tlog
c:\users\alex\desktop\bankaiultimo\bankaisimple\debug\bankaisimple.tlog\cl.write.1.tlog
c:\users\alex\desktop\bankaiultimo\bankaisimple\debug\bankaisimple.tlog\link-cvtres.read.1.tlog
c:\users\alex\desktop\bankaiultimo\bankaisimple\debug\bankaisimple.tlog\link-cvtres.write.1.tlog
c:\users\alex\desktop\bankaiultimo\bankaisimple\debug\bankaisimple.tlog\link-rc.read.1.tlog
c:\users\alex\desktop\bankaiultimo\bankaisimple\debug\bankaisimple.tlog\link-rc.write.1.tlog
c:\users\alex\desktop\bankaiultimo\bankaisimple\debug\bankaisimple.tlog\link.command.1.tlog
c:\users\alex\desktop\bankaiultimo\bankaisimple\debug\bankaisimple.tlog\link.read.1.tlog
c:\users\alex\desktop\bankaiultimo\bankaisimple\debug\bankaisimple.tlog\link.write.1.tlog
